commit a03c94c2b712d184f60a2ba295ab3f4e8367b436
Author: Samantha Amador <sa4265@cs.utexas.edu>
Date:   Tue Jun 16 22:45:05 2015 -0500

    remade Collatz.html

commit fd442d66a4b08e545cee9cf3506ebac7ef31d50f
Author: Samantha Amador <sa4265@cs.utexas.edu>
Date:   Tue Jun 16 22:44:17 2015 -0500

    ran test again

commit 75d91a777db7dc5312f2e2107de78a1437b79413
Author: Samantha Amador <sa4265@cs.utexas.edu>
Date:   Tue Jun 16 22:43:03 2015 -0500

    tested one more time

commit 6070efa672685d465959890d35ed60148204fc64
Author: Samantha Amador <sa4265@cs.utexas.edu>
Date:   Tue Jun 16 22:37:27 2015 -0500

    made Collatz.log

commit 7140ba335c70570064bf467b310180cd11670b49
Author: Samantha Amador <sa4265@cs.utexas.edu>
Date:   Tue Jun 16 22:36:45 2015 -0500

    made Collatz.html

commit 0ae24f9000d8cfffd50ae168b9eb072205251d88
Author: Samantha Amador <sa4265@cs.utexas.edu>
Date:   Tue Jun 16 22:31:38 2015 -0500

    removed import from SphereCollatz

commit 9f249150b74da5547b6f4c9042d1d70c4b3781f2
Author: Samantha Amador <sa4265@cs.utexas.edu>
Date:   Tue Jun 16 22:30:16 2015 -0500

    updated SphereCollatz to include cache

commit 9f7ba4ee6c6cc1680cae2bd37947aaf0b55ac1f9
Author: Samantha Amador <sa4265@cs.utexas.edu>
Date:   Tue Jun 16 22:27:44 2015 -0500

    changed EID to sa4265 in makefile

commit a814ec4a10ce177d0e7f37dd628c6524d8792354
Author: Samantha Amador <sa4265@cs.utexas.edu>
Date:   Tue Jun 16 22:24:17 2015 -0500

    implemented cache

commit 67246f8750c36d789b3b930ddbf1484d7b7f9b26
Author: Samantha Amador <sa4265@cs.utexas.edu>
Date:   Tue Jun 16 15:16:45 2015 -0500

    modified acceptance tests

commit 9bbf50aafef4d8b8a467444f23004eeaec7c8eca
Author: Samantha Amador <sa4265@cs.utexas.edu>
Date:   Tue Jun 16 15:04:50 2015 -0500

    changed acceptance tests

commit 1767bb49ebeb46c1a8e424d317e090da2fb11aec
Author: Samantha Amador <sa4265@cs.utexas.edu>
Date:   Tue Jun 16 14:48:24 2015 -0500

    added 100 lines of acceptance tests

commit 981d8e6d700272f45edb46182ed3047c5eb929a1
Author: Samantha Amador <sa4265@cs.utexas.edu>
Date:   Tue Jun 16 14:24:43 2015 -0500

    Created SphereCollatz.py

commit ec948c620ea6cd7ef86c519223205e18a7d1c19a
Author: Samantha Amador <sa4265@cs.utexas.edu>
Date:   Tue Jun 16 14:13:51 2015 -0500

    added and test simplest solution in collatz_eval()

commit ed15e5ae517b601b0d5ab3a8eb061b572bc480f7
Author: Samantha Amador <sa4265@cs.utexas.edu>
Date:   Tue Jun 16 13:23:43 2015 -0500

    added more unit tests

commit 6599a237e6c1bc9dd4db5c36f18007d9a60b5ec7
Author: Samantha Amador <sa4265@cs.utexas.edu>
Date:   Tue Jun 16 13:13:25 2015 -0500

    fixed given unit tests

commit 4f61dfab958e4ffa6c1e3127ec8f6d67eed2cbe0
Author: Samantha Amador <sa4265@cs.utexas.edu>
Date:   Tue Jun 16 13:06:35 2015 -0500

    initial commit

commit fc8cf5e8c35d6f42dc7f2dd1409b055ff50f4818
Author: samador88 <samador@utexas.edu>
Date:   Mon Jun 15 11:52:05 2015 -0500

    Initial commit
