1 10 20
100 200 125
201 210 89
900 1000 174
20 30 112
100 500 144
3000 5000 238
100000 100500 341
100000 200000 383
500000 500001 152
500 1 144
1 850000 525
200000 100000 383
450 900 179
1000 10000 262
1 999999 525
450000 700000 509
1 450000 449
511935 700000 509
1 511934 449
5764 87234 351
484623 500000 426
4738 5000 210
5 25 24
3726 4000 189
22000 85000 351
476940 550000 470
27640 500000 449
1834 1999 175
38038 49999 314
374739 750000 509
234 500 144
68678 70000 299
3958 10000 262
22288 30000 308
9375 100000 351
2048 5000 238
375638 450000 449
9 18 21
5637 23000 279
247 2300 183
5739 12500 268
103857 250000 443
3762 4000 189
375 600 142
1029 1100 169
1010 2000 182
345 450 134
56867 100000 351
239846 25000 443
234500 250000 368
230 287 128
234720 35409 443
456457 58090 449
2347 324897 443
9994 150000 375
20406 25000 282
9992 10000 180
9999 10000 92
937 7830 262
34403 52000 324
234345 752790 509
93958 364915 443
230349 73619 386
745 345243 443
234 770055 509
12121 421082 449
13437 632784 509
43056 160920 383
38596 265515 443
4382 103961 351
1137 451282 449
112 608344 470
560 260260 443
42309 3455 324
234 14779 276
657 11490 268
96 59033 340
2477 2114 209
2047 8660 262
389 350 126
95858 5410 351
2045 7615 262
92475 246958 443
393849 656129 509
39284 128729 354
2938 77604 351
20101 406015 443
111 106649 354
11111 918800 525
10101 746230 509
3934 164958 383
283840 20424 443
923 398462 443
239090 320789 407
289889 567533 470
203030 70382 383
30000 182478 383
3000 16991 276
3343 11307 268
20934 6864 279
9023 811 262
3848 1641 238
288 563 144
